PACKAGE
ID(main)
SEMICOLON
[line = 1]
FUNC
ID(main)
LPAR
RPAR
LBRACE
[line = 2]
[line = 3]
ID(nums)
ASSIGN
LSQ
RSQ
INT
LBRACE
INTLIT(2)
COMMA
INTLIT(3)
COMMA
INTLIT(4)
RBRACE
SEMICOLON
ID(sum)
ASSIGN
INTLIT(0)
SEMICOLON
FOR
BLANKID
COMMA
ID(num)
ASSIGN
ID(range)
ID(nums)
LBRACE
[line = 4]
ID(sum)
PLUS
ASSIGN
ID(num)
SEMICOLON
RBRACE
SEMICOLON
PRINT
LPAR
STRLIT("sum:")
COMMA
ID(sum)
RPAR
SEMICOLON
[line = 5]
FOR
ID(i)
COMMA
ID(num)
ASSIGN
ID(range)
ID(nums)
LBRACE
[line = 6]
IF
ID(num)
EQ
INTLIT(3)
LBRACE
[line = 7]
PRINT
LPAR
STRLIT("index:")
COMMA
ID(i)
RPAR
SEMICOLON
RBRACE
SEMICOLON
RBRACE
SEMICOLON
[line = 8]
ID(kvs)
ASSIGN
ID(map)
LSQ
STRING
RSQ
ID(tring)
LBRACE
STRLIT("a")
ASSIGN
STRLIT("apple")
COMMA
STRLIT("b")
ASSIGN
STRLIT("banana")
RBRACE
SEMICOLON
FOR
ID(k)
COMMA
ID(v)
ASSIGN
ID(range)
ID(kvs)
LBRACE
[line = 9]
ID(fmt)
INVALID(.)
ID(Prinln)
LPAR
STRLIT("%s -> %s\n")
COMMA
ID(k)
COMMA
ID(v)
RPAR
SEMICOLON
RBRACE
SEMICOLON
[line = 10]
FOR
ID(k)
ASSIGN
ID(range)
ID(kvs)
LBRACE
[line = 11]
PRINT
LPAR
STRLIT("key:")
COMMA
ID(k)
RPAR
SEMICOLON
RBRACE
SEMICOLON
[line = 12]
FOR
ID(i)
COMMA
ID(c)
ASSIGN
ID(range)
STRLIT("go")
LBRACE
[line = 13]
PRINT
LPAR
ID(i)
COMMA
ID(c)
RPAR
SEMICOLON
RBRACE
SEMICOLON
RBRACE
